CRITICAL - 2024-11-25 14:57:08 --> Error: Call to undefined method App\Controllers\Test::initController()
[Method: GET, Route: test]
in SYSTEMPATH/CodeIgniter.php on line 904.
 1 SYSTEMPATH/CodeIgniter.php(500): CodeIgniter\CodeIgniter->createController()
 2 SYSTEMPATH/CodeIgniter.php(355): CodeIgniter\CodeIgniter->handleRequest()
 3 SYSTEMPATH/Boot.php(325): CodeIgniter\CodeIgniter->run()
 4 SYSTEMPATH/Boot.php(67): CodeIgniter\Boot::runCodeIgniter()
 5 FCPATH/index.php(56): CodeIgniter\Boot::bootWeb()
 6 SYSTEMPATH/rewrite.php(44): require_once('/home/etudiant/hl210344/TP/s5/r5.05_prog_avancee/R505_Synthese/public/index.php')
CRITICAL - 2024-11-25 14:57:40 --> CodeIgniter\HTTP\Exceptions\BadRequestException: The URI you submitted has disallowed characters: "bootstrap@5.1.3"
[Method: GET, Route: https:/cdn.jsdelivr.net/npm/bootstrap@5.1.3/dist/css/bootstrap.min.css]
in SYSTEMPATH/Router/Router.php on line 737.
 1 SYSTEMPATH/Router/Router.php(204): CodeIgniter\Router\Router->checkDisallowedChars()
 2 SYSTEMPATH/CodeIgniter.php(834): CodeIgniter\Router\Router->handle()
 3 SYSTEMPATH/CodeIgniter.php(457): CodeIgniter\CodeIgniter->tryToRouteIt()
 4 SYSTEMPATH/CodeIgniter.php(355): CodeIgniter\CodeIgniter->handleRequest()
 5 SYSTEMPATH/Boot.php(325): CodeIgniter\CodeIgniter->run()
 6 SYSTEMPATH/Boot.php(67): CodeIgniter\Boot::runCodeIgniter()
 7 FCPATH/index.php(56): CodeIgniter\Boot::bootWeb()
 8 SYSTEMPATH/rewrite.php(44): require_once('/home/etudiant/hl210344/TP/s5/r5.05_prog_avancee/R505_Synthese/public/index.php')
